[02:20:06] [ServerMain/INFO]: Environment: Environment[sessionHost=https://sessionserver.mojang.com, servicesHost=https://api.minecraftservices.com, name=PROD]
[02:20:08] [ServerMain/INFO]: Loaded 1290 recipes
[02:20:09] [ServerMain/INFO]: Loaded 1399 advancements
[02:20:09] [Server thread/INFO]: Starting minecraft server version 1.21.1
[02:20:09] [Server thread/INFO]: Loading properties
[02:20:09] [Server thread/INFO]: Default game type: SURVIVAL
[02:20:09] [Server thread/INFO]: Generating keypair
[02:20:09] [Server thread/INFO]: Starting Minecraft server on *:25565
[02:20:09] [Server thread/INFO]: Using epoll channel type
[02:20:09] [Server thread/INFO]: Preparing level "world"
[02:20:15] [Server thread/INFO]: Preparing start region for dimension minecraft:overworld
[02:20:15] [Worker-Main-1/INFO]: Preparing spawn area: 0%
[02:20:15] [Worker-Main-1/INFO]: Preparing spawn area: 0%
[02:20:15] [Server thread/INFO]: Time elapsed: 683 ms
[02:20:15] [Server thread/INFO]: Done (5.992s)! For help, type "help"
[02:20:56] [User Authenticator #1/INFO]: UUID of player Eagle_Eye_85 is e2d9ddf3-f4b5-47bc-8c61-61a4e79b6654
[02:20:57] [Server thread/INFO]: Eagle_Eye_85[/192.168.229.2:49449] logged in with entity id 22 at (-1.5, 67.0, -6.5)
[02:20:57] [Server thread/INFO]: Eagle_Eye_85 joined the game
[02:21:38] [Server thread/INFO]: Eagle_Eye_85 lost connection: Disconnected
[02:21:38] [Server thread/INFO]: Eagle_Eye_85 left the game
